# JRE version: Java(TM) SE Runtime Environment 18.9 (11.0.17+10) (build 11.0.17+10-LTS-269)
# Java VM: Java HotSpot(TM) 64-Bit Server VM 18.9 (11.0.17+10-LTS-269, mixed mode, tiered, compressed oops, g1 gc, windows-amd64)
Heap:
 garbage-first heap   total 378880K, used 281031K [0x0000000080000000, 0x0000000100000000)
  region size 1024K, 8 young (8192K), 4 survivors (4096K)
 Metaspace       used 130967K, capacity 137520K, committed 137680K, reserved 634880K
  class space    used 16783K, capacity 19203K, committed 19328K, reserved 516096K
GC Heap History (10 events):
Event: 4156.717 GC heap before
{Heap before GC invocations=209 (full 0):
 garbage-first heap   total 378880K, used 275468K [0x0000000080000000, 0x0000000100000000)
  region size 1024K, 18 young (18432K), 2 survivors (2048K)
 Metaspace       used 130413K, capacity 136869K, committed 136912K, reserved 634880K
  class space    used 16685K, capacity 19052K, committed 19072K, reserved 516096K
}
Event: 4156.731 GC heap after
{Heap after GC invocations=210 (full 0):
 garbage-first heap   total 378880K, used 256622K [0x0000000080000000, 0x0000000100000000)
  region size 1024K, 3 young (3072K), 3 survivors (3072K)
 Metaspace       used 130413K, capacity 136869K, committed 136912K, reserved 634880K
  class space    used 16685K, capacity 19052K, committed 19072K, reserved 516096K
}
Event: 4157.854 GC heap before
{Heap before GC invocations=210 (full 0):
 garbage-first heap   total 378880K, used 319086K [0x0000000080000000, 0x0000000100000000)
  region size 1024K, 65 young (66560K), 3 survivors (3072K)
 Metaspace       used 130513K, capacity 137035K, committed 137296K, reserved 634880K
  class space    used 16703K, capacity 19086K, committed 19200K, reserved 516096K
}
Event: 4157.864 GC heap after
{Heap after GC invocations=211 (full 0):
 garbage-first heap   total 378880K, used 260137K [0x0000000080000000, 0x0000000100000000)
  region size 1024K, 7 young (7168K), 7 survivors (7168K)
 Metaspace       used 130513K, capacity 137035K, committed 137296K, reserved 634880K
  class space    used 16703K, capacity 19086K, committed 19200K, reserved 516096K
}
Event: 4285.800 GC heap before
{Heap before GC invocations=212 (full 0):
 garbage-first heap   total 378880K, used 337961K [0x0000000080000000, 0x0000000100000000)
  region size 1024K, 68 young (69632K), 7 survivors (7168K)
 Metaspace       used 130921K, capacity 137463K, committed 137552K, reserved 634880K
  class space    used 16773K, capacity 19185K, committed 19200K, reserved 516096K
}
Event: 4285.815 GC heap after
{Heap after GC invocations=213 (full 0):
 garbage-first heap   total 378880K, used 268802K [0x0000000080000000, 0x0000000100000000)
  region size 1024K, 9 young (9216K), 9 survivors (9216K)
 Metaspace       used 130921K, capacity 137463K, committed 137552K, reserved 634880K
  class space    used 16773K, capacity 19185K, committed 19200K, reserved 516096K
}
Event: 4285.889 GC heap before
{Heap before GC invocations=213 (full 0):
 garbage-first heap   total 378880K, used 281090K [0x0000000080000000, 0x0000000100000000)
  region size 1024K, 18 young (18432K), 9 survivors (9216K)
 Metaspace       used 130948K, capacity 137505K, committed 137552K, reserved 634880K
  class space    used 16781K, capacity 19199K, committed 19200K, reserved 516096K
}
Event: 4285.906 GC heap after
{Heap after GC invocations=214 (full 0):
 garbage-first heap   total 378880K, used 272408K [0x0000000080000000, 0x0000000100000000)
  region size 1024K, 3 young (3072K), 3 survivors (3072K)
 Metaspace       used 130948K, capacity 137505K, committed 137552K, reserved 634880K
  class space    used 16781K, capacity 19199K, committed 19200K, reserved 516096K
}
Event: 4286.108 GC heap before
{Heap before GC invocations=214 (full 0):
 garbage-first heap   total 378880K, used 287768K [0x0000000080000000, 0x0000000100000000)
  region size 1024K, 20 young (20480K), 3 survivors (3072K)
 Metaspace       used 130966K, capacity 137519K, committed 137680K, reserved 634880K
  class space    used 16783K, capacity 19203K, committed 19328K, reserved 516096K
}
Event: 4286.116 GC heap after
{Heap after GC invocations=215 (full 0):
 garbage-first heap   total 378880K, used 269767K [0x0000000080000000, 0x0000000100000000)
  region size 1024K, 4 young (4096K), 4 survivors (4096K)
 Metaspace       used 130966K, capacity 137519K, committed 137680K, reserved 634880K
  class space    used 16783K, capacity 19203K, committed 19328K, reserved 516096K
}

